[06-Mar-2024 19:40:32 UTC] PHP Warning:  Attempt to read property "title" on null in C:\Users\Snir1\Local Sites\my-university\app\public\wp-includes\class-wp-customize-widgets.php on line 905
[15-Mar-2024 09:21:54 UTC] PHP Fatal error:  Uncaught Error: Call to undefined function stie_url() in C:\Users\Snir1\Local Sites\my-university\app\public\wp-content\themes\university2024\header.php:10
Stack trace:
#0 C:\Users\Snir1\Local Sites\my-university\app\public\wp-includes\template.php(790): require_once()
#1 C:\Users\Snir1\Local Sites\my-university\app\public\wp-includes\template.php(725): load_template('C:\\Users\\Snir1\\...', true, Array)
#2 C:\Users\Snir1\Local Sites\my-university\app\public\wp-includes\general-template.php(48): locate_template(Array, true, true, Array)
#3 C:\Users\Snir1\Local Sites\my-university\app\public\wp-content\themes\university2024\page.php(3): get_header()
#4 C:\Users\Snir1\Local Sites\my-university\app\public\wp-includes\template-loader.php(106): include('C:\\Users\\Snir1\\...')
#5 C:\Users\Snir1\Local Sites\my-university\app\public\wp-blog-header.php(19): require_once('C:\\Users\\Snir1\\...')
#6 C:\Users\Snir1\Local Sites\my-university\app\public\index.php(17): require('C:\\Users\\Snir1\\...')
#7 {main}
  thrown in C:\Users\Snir1\Local Sites\my-university\app\public\wp-content\themes\university2024\header.php on line 10
[15-Mar-2024 09:21:58 UTC] PHP Fatal error:  Uncaught Error: Call to undefined function stie_url() in C:\Users\Snir1\Local Sites\my-university\app\public\wp-content\themes\university2024\header.php:10
Stack trace:
#0 C:\Users\Snir1\Local Sites\my-university\app\public\wp-includes\template.php(790): require_once()
#1 C:\Users\Snir1\Local Sites\my-university\app\public\wp-includes\template.php(725): load_template('C:\\Users\\Snir1\\...', true, Array)
#2 C:\Users\Snir1\Local Sites\my-university\app\public\wp-includes\general-template.php(48): locate_template(Array, true, true, Array)
#3 C:\Users\Snir1\Local Sites\my-university\app\public\wp-content\themes\university2024\page.php(3): get_header()
#4 C:\Users\Snir1\Local Sites\my-university\app\public\wp-includes\template-loader.php(106): include('C:\\Users\\Snir1\\...')
#5 C:\Users\Snir1\Local Sites\my-university\app\public\wp-blog-header.php(19): require_once('C:\\Users\\Snir1\\...')
#6 C:\Users\Snir1\Local Sites\my-university\app\public\index.php(17): require('C:\\Users\\Snir1\\...')
#7 {main}
  thrown in C:\Users\Snir1\Local Sites\my-university\app\public\wp-content\themes\university2024\header.php on line 10
[15-Mar-2024 09:45:23 UTC] PHP Parse error:  syntax error, unexpected token "}" in C:\Users\Snir1\Local Sites\my-university\app\public\wp-content\themes\university2024\page.php on line 24
[15-Mar-2024 09:45:25 UTC] PHP Parse error:  syntax error, unexpected token "}" in C:\Users\Snir1\Local Sites\my-university\app\public\wp-content\themes\university2024\page.php on line 24
[15-Mar-2024 09:45:39 UTC] PHP Parse error:  syntax error, unexpected token "}" in C:\Users\Snir1\Local Sites\my-university\app\public\wp-content\themes\university2024\page.php on line 24
[15-Mar-2024 09:45:45 UTC] PHP Parse error:  syntax error, unexpected token "}" in C:\Users\Snir1\Local Sites\my-university\app\public\wp-content\themes\university2024\page.php on line 24
[15-Mar-2024 09:45:45 UTC] PHP Parse error:  syntax error, unexpected token "}" in C:\Users\Snir1\Local Sites\my-university\app\public\wp-content\themes\university2024\page.php on line 24
[15-Mar-2024 09:56:23 UTC] PHP Warning:  Undefined variable $theParent in C:\Users\Snir1\Local Sites\my-university\app\public\wp-content\themes\university2024\page.php on line 21
[17-Mar-2024 05:44:34 UTC] Cron reschedule event error for hook: wp_version_check, Error code: could_not_set, Error message: The cron event list could not be saved., Data: {"schedule":"twicedaily","args":[],"interval":43200}
[17-Mar-2024 05:56:35 UTC] PHP Parse error:  syntax error, unexpected token "}" in C:\Users\Snir1\Local Sites\my-university\app\public\wp-content\themes\university2024\index.php on line 21
[17-Mar-2024 06:20:21 UTC] PHP Warning:  Undefined variable $theParent in C:\Users\Snir1\Local Sites\my-university\app\public\wp-content\themes\university2024\single.php on line 19
[17-Mar-2024 06:20:21 UTC] PHP Warning:  Undefined variable $theParent in C:\Users\Snir1\Local Sites\my-university\app\public\wp-content\themes\university2024\single.php on line 19
[18-Mar-2024 19:14:45 UTC] PHP Fatal error:  Uncaught ArgumentCountError: Too few arguments to function get_post_type_archive_link(), 0 passed in C:\Users\Snir1\Local Sites\my-university\app\public\wp-content\themes\university2024\single-event.php on line 19 and exactly 1 expected in C:\Users\Snir1\Local Sites\my-university\app\public\wp-includes\link-template.php:1302
Stack trace:
#0 C:\Users\Snir1\Local Sites\my-university\app\public\wp-content\themes\university2024\single-event.php(19): get_post_type_archive_link()
#1 C:\Users\Snir1\Local Sites\my-university\app\public\wp-includes\template-loader.php(106): include('C:\\Users\\Snir1\\...')
#2 C:\Users\Snir1\Local Sites\my-university\app\public\wp-blog-header.php(19): require_once('C:\\Users\\Snir1\\...')
#3 C:\Users\Snir1\Local Sites\my-university\app\public\index.php(17): require('C:\\Users\\Snir1\\...')
#4 {main}
  thrown in C:\Users\Snir1\Local Sites\my-university\app\public\wp-includes\link-template.php on line 1302
[18-Mar-2024 19:15:24 UTC] PHP Fatal error:  Uncaught ArgumentCountError: Too few arguments to function get_post_type_archive_link(), 0 passed in C:\Users\Snir1\Local Sites\my-university\app\public\wp-content\themes\university2024\single-event.php on line 19 and exactly 1 expected in C:\Users\Snir1\Local Sites\my-university\app\public\wp-includes\link-template.php:1302
Stack trace:
#0 C:\Users\Snir1\Local Sites\my-university\app\public\wp-content\themes\university2024\single-event.php(19): get_post_type_archive_link()
#1 C:\Users\Snir1\Local Sites\my-university\app\public\wp-includes\template-loader.php(106): include('C:\\Users\\Snir1\\...')
#2 C:\Users\Snir1\Local Sites\my-university\app\public\wp-blog-header.php(19): require_once('C:\\Users\\Snir1\\...')
#3 C:\Users\Snir1\Local Sites\my-university\app\public\index.php(17): require('C:\\Users\\Snir1\\...')
#4 {main}
  thrown in C:\Users\Snir1\Local Sites\my-university\app\public\wp-includes\link-template.php on line 1302
[18-Mar-2024 20:15:29 UTC] PHP Warning:  file_put_contents(C:\Users\Snir1\Local Sites\my-university\app\public/wp-content/themes/university2024/acf-json/group_65f8a05690efc.json): Failed to open stream: No such file or directory in C:\Users\Snir1\Local Sites\my-university\app\public\wp-content\plugins\advanced-custom-fields\includes\local-json.php on line 448
[18-Mar-2024 20:24:07 UTC] PHP Fatal error:  Uncaught Exception: Failed to parse time string (23/04/2024) at position 0 (2): Unexpected character in C:\Users\Snir1\Local Sites\my-university\app\public\wp-content\themes\university2024\front-page.php:28
Stack trace:
#0 C:\Users\Snir1\Local Sites\my-university\app\public\wp-content\themes\university2024\front-page.php(28): DateTime->__construct('23/04/2024')
#1 C:\Users\Snir1\Local Sites\my-university\app\public\wp-includes\template-loader.php(106): include('C:\\Users\\Snir1\\...')
#2 C:\Users\Snir1\Local Sites\my-university\app\public\wp-blog-header.php(19): require_once('C:\\Users\\Snir1\\...')
#3 C:\Users\Snir1\Local Sites\my-university\app\public\index.php(17): require('C:\\Users\\Snir1\\...')
#4 {main}
  thrown in C:\Users\Snir1\Local Sites\my-university\app\public\wp-content\themes\university2024\front-page.php on line 28
[18-Mar-2024 20:24:20 UTC] PHP Fatal error:  Uncaught Exception: Failed to parse time string (23/04/2024) at position 0 (2): Unexpected character in C:\Users\Snir1\Local Sites\my-university\app\public\wp-content\themes\university2024\front-page.php:28
Stack trace:
#0 C:\Users\Snir1\Local Sites\my-university\app\public\wp-content\themes\university2024\front-page.php(28): DateTime->__construct('23/04/2024')
#1 C:\Users\Snir1\Local Sites\my-university\app\public\wp-includes\template-loader.php(106): include('C:\\Users\\Snir1\\...')
#2 C:\Users\Snir1\Local Sites\my-university\app\public\wp-blog-header.php(19): require_once('C:\\Users\\Snir1\\...')
#3 C:\Users\Snir1\Local Sites\my-university\app\public\index.php(17): require('C:\\Users\\Snir1\\...')
#4 {main}
  thrown in C:\Users\Snir1\Local Sites\my-university\app\public\wp-content\themes\university2024\front-page.php on line 28
[18-Mar-2024 20:24:37 UTC] PHP Warning:  file_put_contents(C:\Users\Snir1\Local Sites\my-university\app\public/wp-content/themes/university2024/acf-json/group_65f8a05690efc.json): Failed to open stream: No such file or directory in C:\Users\Snir1\Local Sites\my-university\app\public\wp-content\plugins\advanced-custom-fields\includes\local-json.php on line 448
[19-Mar-2024 19:20:47 UTC] PHP Fatal error:  Cannot redeclare university_features() (previously declared in C:\Users\Snir1\Local Sites\my-university\app\public\wp-content\themes\university2024\functions.php:14) in C:\Users\Snir1\Local Sites\my-university\app\public\wp-content\themes\university2024\functions.php on line 21
[19-Mar-2024 19:20:47 UTC] PHP Warning:  Trying to access array offset on value of type bool in C:\Users\Snir1\Local Sites\my-university\app\public\wp-includes\class-wp-recovery-mode-email-service.php on line 367
[19-Mar-2024 19:20:47 UTC] PHP Warning:  Trying to access array offset on value of type bool in C:\Users\Snir1\Local Sites\my-university\app\public\wp-includes\class-wp-recovery-mode-email-service.php on line 368
[19-Mar-2024 19:21:12 UTC] PHP Fatal error:  Cannot redeclare university_features() (previously declared in C:\Users\Snir1\Local Sites\my-university\app\public\wp-content\themes\university2024\functions.php:14) in C:\Users\Snir1\Local Sites\my-university\app\public\wp-content\themes\university2024\functions.php on line 21
[19-Mar-2024 19:50:26 UTC] PHP Fatal error:  Uncaught TypeError: call_user_func_array(): Argument #1 ($callback) must be a valid callback, function "university_adjust_queries" not found or invalid function name in C:\Users\Snir1\Local Sites\my-university\app\public\wp-includes\class-wp-hook.php:324
Stack trace:
#0 C:\Users\Snir1\Local Sites\my-university\app\public\wp-includes\class-wp-hook.php(348): WP_Hook->apply_filters('', Array)
#1 C:\Users\Snir1\Local Sites\my-university\app\public\wp-includes\plugin.php(565): WP_Hook->do_action(Array)
#2 C:\Users\Snir1\Local Sites\my-university\app\public\wp-includes\class-wp-query.php(1881): do_action_ref_array('pre_get_posts', Array)
#3 C:\Users\Snir1\Local Sites\my-university\app\public\wp-includes\class-wp-query.php(3824): WP_Query->get_posts()
#4 C:\Users\Snir1\Local Sites\my-university\app\public\wp-includes\post.php(2452): WP_Query->query(Array)
#5 C:\Users\Snir1\Local Sites\my-university\app\public\wp-content\plugins\advanced-custom-fields\includes\class-acf-internal-post-type.php(399): get_posts(Array)
#6 C:\Users\Snir1\Local Sites\my-university\app\public\wp-content\plugins\advanced-custom-fields\includes\class-acf-internal-post-type.php(357): ACF_Internal_Post_Type->get_raw_posts()
#7 C:\Users\Snir1\Local Sites\my-university\app\public\wp-content\plugins\advanced-custom-fields\includes\post-types\class-acf-taxonomy.php(126): ACF_Internal_Post_Type->get_posts(Array)
#8 C:\Users\Snir1\Local Sites\my-university\app\public\wp-includes\class-wp-hook.php(324): ACF_Taxonomy->register_taxonomies(6)
#9 C:\Users\Snir1\Local Sites\my-university\app\public\wp-includes\class-wp-hook.php(348): WP_Hook->apply_filters('', Array)
#10 C:\Users\Snir1\Local Sites\my-university\app\public\wp-includes\plugin.php(517): WP_Hook->do_action(Array)
#11 C:\Users\Snir1\Local Sites\my-university\app\public\wp-content\plugins\advanced-custom-fields\acf.php(390): do_action('acf/init', 6)
#12 C:\Users\Snir1\Local Sites\my-university\app\public\wp-includes\class-wp-hook.php(324): ACF->init('')
#13 C:\Users\Snir1\Local Sites\my-university\app\public\wp-includes\class-wp-hook.php(348): WP_Hook->apply_filters(NULL, Array)
#14 C:\Users\Snir1\Local Sites\my-university\app\public\wp-includes\plugin.php(517): WP_Hook->do_action(Array)
#15 C:\Users\Snir1\Local Sites\my-university\app\public\wp-settings.php(643): do_action('init')
#16 C:\Users\Snir1\Local Sites\my-university\app\public\wp-config.php(103): require_once('C:\\Users\\Snir1\\...')
#17 C:\Users\Snir1\Local Sites\my-university\app\public\wp-load.php(50): require_once('C:\\Users\\Snir1\\...')
#18 C:\Users\Snir1\Local Sites\my-university\app\public\wp-blog-header.php(13): require_once('C:\\Users\\Snir1\\...')
#19 C:\Users\Snir1\Local Sites\my-university\app\public\index.php(17): require('C:\\Users\\Snir1\\...')
#20 {main}
  thrown in C:\Users\Snir1\Local Sites\my-university\app\public\wp-includes\class-wp-hook.php on line 324
[19-Mar-2024 19:50:26 UTC] PHP Fatal error:  Uncaught TypeError: call_user_func_array(): Argument #1 ($callback) must be a valid callback, function "university_adjust_queries" not found or invalid function name in C:\Users\Snir1\Local Sites\my-university\app\public\wp-includes\class-wp-hook.php:324
Stack trace:
#0 C:\Users\Snir1\Local Sites\my-university\app\public\wp-includes\class-wp-hook.php(348): WP_Hook->apply_filters('', Array)
#1 C:\Users\Snir1\Local Sites\my-university\app\public\wp-includes\plugin.php(565): WP_Hook->do_action(Array)
#2 C:\Users\Snir1\Local Sites\my-university\app\public\wp-includes\class-wp-query.php(1881): do_action_ref_array('pre_get_posts', Array)
#3 C:\Users\Snir1\Local Sites\my-university\app\public\wp-includes\class-wp-query.php(3824): WP_Query->get_posts()
#4 C:\Users\Snir1\Local Sites\my-university\app\public\wp-includes\post.php(2452): WP_Query->query(Array)
#5 C:\Users\Snir1\Local Sites\my-university\app\public\wp-content\plugins\advanced-custom-fields\includes\class-acf-internal-post-type.php(399): get_posts(Array)
#6 C:\Users\Snir1\Local Sites\my-university\app\public\wp-content\plugins\advanced-custom-fields\includes\class-acf-internal-post-type.php(357): ACF_Internal_Post_Type->get_raw_posts()
#7 C:\Users\Snir1\Local Sites\my-university\app\public\wp-content\plugins\advanced-custom-fields\includes\post-types\class-acf-taxonomy.php(126): ACF_Internal_Post_Type->get_posts(Array)
#8 C:\Users\Snir1\Local Sites\my-university\app\public\wp-includes\class-wp-hook.php(324): ACF_Taxonomy->register_taxonomies(6)
#9 C:\Users\Snir1\Local Sites\my-university\app\public\wp-includes\class-wp-hook.php(348): WP_Hook->apply_filters('', Array)
#10 C:\Users\Snir1\Local Sites\my-university\app\public\wp-includes\plugin.php(517): WP_Hook->do_action(Array)
#11 C:\Users\Snir1\Local Sites\my-university\app\public\wp-content\plugins\advanced-custom-fields\acf.php(390): do_action('acf/init', 6)
#12 C:\Users\Snir1\Local Sites\my-university\app\public\wp-includes\class-wp-hook.php(324): ACF->init('')
#13 C:\Users\Snir1\Local Sites\my-university\app\public\wp-includes\class-wp-hook.php(348): WP_Hook->apply_filters(NULL, Array)
#14 C:\Users\Snir1\Local Sites\my-university\app\public\wp-includes\plugin.php(517): WP_Hook->do_action(Array)
#15 C:\Users\Snir1\Local Sites\my-university\app\public\wp-settings.php(643): do_action('init')
#16 C:\Users\Snir1\Local Sites\my-university\app\public\wp-config.php(103): require_once('C:\\Users\\Snir1\\...')
#17 C:\Users\Snir1\Local Sites\my-university\app\public\wp-load.php(50): require_once('C:\\Users\\Snir1\\...')
#18 C:\Users\Snir1\Local Sites\my-university\app\public\wp-blog-header.php(13): require_once('C:\\Users\\Snir1\\...')
#19 C:\Users\Snir1\Local Sites\my-university\app\public\index.php(17): require('C:\\Users\\Snir1\\...')
#20 {main}
  thrown in C:\Users\Snir1\Local Sites\my-university\app\public\wp-includes\class-wp-hook.php on line 324
[19-Mar-2024 20:09:05 UTC] PHP Parse error:  syntax error, unexpected token ";" in C:\Users\Snir1\Local Sites\my-university\app\public\wp-content\themes\university2024\page-past-events.php on line 17
[19-Mar-2024 20:12:22 UTC] PHP Warning:  Undefined variable $homePageEvents in C:\Users\Snir1\Local Sites\my-university\app\public\wp-content\themes\university2024\page-past-events.php on line 34
[19-Mar-2024 20:12:22 UTC] PHP Fatal error:  Uncaught Error: Call to a member function have_posts() on null in C:\Users\Snir1\Local Sites\my-university\app\public\wp-content\themes\university2024\page-past-events.php:34
Stack trace:
#0 C:\Users\Snir1\Local Sites\my-university\app\public\wp-includes\template-loader.php(106): include()
#1 C:\Users\Snir1\Local Sites\my-university\app\public\wp-blog-header.php(19): require_once('C:\\Users\\Snir1\\...')
#2 C:\Users\Snir1\Local Sites\my-university\app\public\index.php(17): require('C:\\Users\\Snir1\\...')
#3 {main}
  thrown in C:\Users\Snir1\Local Sites\my-university\app\public\wp-content\themes\university2024\page-past-events.php on line 34
